Unity Editor version:    2021.3.4f1 (cb45f9cae8b7)
Branch:                  2021.3/staging
Build type:              Release
Batch mode:              YES
macOS version:           Version 11.7.6 (Build 20G1231)
Darwin version:          20.6.0
Architecture:            x86_64
Running under Rosetta:   NO
Available memory:        16384 MB
Using pre-set license
Pro License: YES

COMMAND LINE ARGUMENTS:
/Applications/Unity/Hub/Editor/2021.3.4f1/Unity.app/Contents/MacOS/Unity
-adb2
-batchMode
-noUpm
-name
AssetImportWorker0
-projectPath
/Users/jslee/Desktop/AR-LAB/AR-LAB-Chemistry
-logFile
Logs/AssetImportWorker0.log
-srvPort
63739
Successfully changed project path to: /Users/jslee/Desktop/AR-LAB/AR-LAB-Chemistry
/Users/jslee/Desktop/AR-LAB/AR-LAB-Chemistry
[UnityMemory] Configuration Parameters - Can be set up in boot.config
    "memorysetup-bucket-allocator-granularity=16"
    "memorysetup-bucket-allocator-bucket-count=8"
    "memorysetup-bucket-allocator-block-size=33554432"
    "memorysetup-bucket-allocator-block-count=8"
    "memorysetup-main-allocator-block-size=16777216"
    "memorysetup-thread-allocator-block-size=16777216"
    "memorysetup-gfx-main-allocator-block-size=16777216"
    "memorysetup-gfx-thread-allocator-block-size=16777216"
    "memorysetup-cache-allocator-block-size=4194304"
    "memorysetup-typetree-allocator-block-size=2097152"
    "memorysetup-profiler-bucket-allocator-granularity=16"
    "memorysetup-profiler-bucket-allocator-bucket-count=8"
    "memorysetup-profiler-bucket-allocator-block-size=33554432"
    "memorysetup-profiler-bucket-allocator-block-count=8"
    "memorysetup-profiler-allocator-block-size=16777216"
    "memorysetup-profiler-editor-allocator-block-size=1048576"
    "memorysetup-temp-allocator-size-main=16777216"
    "memorysetup-job-temp-allocator-block-size=2097152"
    "memorysetup-job-temp-allocator-block-size-background=1048576"
    "memorysetup-job-temp-allocator-reduction-small-platforms=262144"
    "memorysetup-temp-allocator-size-background-worker=32768"
    "memorysetup-temp-allocator-size-job-worker=262144"
    "memorysetup-temp-allocator-size-preload-manager=33554432"
    "memorysetup-temp-allocator-size-nav-mesh-worker=65536"
    "memorysetup-temp-allocator-size-audio-worker=65536"
    "memorysetup-temp-allocator-size-cloud-worker=32768"
    "memorysetup-temp-allocator-size-gi-baking-worker=262144"
    "memorysetup-temp-allocator-size-gfx=262144"
Refreshing native plugins compatible for Editor in 197.20 ms, found 6 plugins.
Plugins: Couldn't open /Users/jslee/Desktop/AR-LAB/AR-LAB-Chemistry/Library/PackageCache/com.ptc.vuforia.engine@53e25388be25/Vuforia/Plugins/OSXUniversal/universal/libFileDriver.dylib, error: dlopen(/Users/jslee/Desktop/AR-LAB/AR-LAB-Chemistry/Library/PackageCache/com.ptc.vuforia.engine@53e25388be25/Vuforia/Plugins/OSXUniversal/universal/libFileDriver.dylib, 2): Symbol not found: __ZNKSt3__115basic_stringbufIcNS_11char_traitsIcEENS_9allocatorIcEEE3strEv
  Referenced from: /Users/jslee/Desktop/AR-LAB/AR-LAB-Chemistry/Library/PackageCache/com.ptc.vuforia.engine@53e25388be25/Vuforia/Plugins/OSXUniversal/universal/libFileDriver.dylib (which was built for Mac OS X 12.3)
  Expected in: /usr/lib/libc++.1.dylib
Preloading 4 native plugins for Editor in 36.03 ms.
Initialize engine version: 2021.3.4f1 (cb45f9cae8b7)
[Subsystems] Discovering subsystems at path /Applications/Unity/Hub/Editor/2021.3.4f1/Unity.app/Contents/Resources/UnitySubsystems
[Subsystems] Discovering subsystems at path /Users/jslee/Desktop/AR-LAB/AR-LAB-Chemistry/Assets
GfxDevice: creating device client; threaded=0; jobified=0
LF24T35 preferred device: AMD Radeon Pro 5300M (high power)
Metal devices available: 2
0: AMD Radeon Pro 5300M (high power)
1: Intel(R) UHD Graphics 630 (low power)
Using device AMD Radeon Pro 5300M (high power)
Initializing Metal device caps: AMD Radeon Pro 5300M
Initialize mono
Mono path[0] = '/Applications/Unity/Hub/Editor/2021.3.4f1/Unity.app/Contents/Managed'
Mono path[1] = '/Applications/Unity/Hub/Editor/2021.3.4f1/Unity.app/Contents/MonoBleedingEdge/lib/mono/unityjit-macos'
Mono config path = '/Applications/Unity/Hub/Editor/2021.3.4f1/Unity.app/Contents/MonoBleedingEdge/etc'
Using monoOptions --debugger-agent=transport=dt_socket,embedding=1,server=y,suspend=n,address=127.0.0.1:56904
Begin MonoManager ReloadAssembly
Registering precompiled unity dll's ...
Register platform support module: /Applications/Unity/Hub/Editor/2021.3.4f1/Unity.app/Contents/PlaybackEngines/MacStandaloneSupport/UnityEditor.OSXStandalone.Extensions.dll
Register platform support module: /Applications/Unity/Hub/Editor/2021.3.4f1/PlaybackEngines/AndroidPlayer/UnityEditor.Android.Extensions.dll
Register platform support module: /Applications/Unity/Hub/Editor/2021.3.4f1/PlaybackEngines/iOSSupport/UnityEditor.iOS.Extensions.dll
Registered in 0.005726 seconds.
[usbmuxd] Start listen thread
[usbmuxd] Listen thread started
[usbmuxd] Send listen message
Native extension for iOS target not found
Native extension for Android target not found
Native extension for OSXStandalone target not found
Refreshing native plugins compatible for Editor in 175.38 ms, found 6 plugins.
Plugins: Couldn't open /Users/jslee/Desktop/AR-LAB/AR-LAB-Chemistry/Library/PackageCache/com.ptc.vuforia.engine@53e25388be25/Vuforia/Plugins/OSXUniversal/universal/libFileDriver.dylib, error: dlopen(/Users/jslee/Desktop/AR-LAB/AR-LAB-Chemistry/Library/PackageCache/com.ptc.vuforia.engine@53e25388be25/Vuforia/Plugins/OSXUniversal/universal/libFileDriver.dylib, 2): Symbol not found: __ZNKSt3__115basic_stringbufIcNS_11char_traitsIcEENS_9allocatorIcEEE3strEv
  Referenced from: /Users/jslee/Desktop/AR-LAB/AR-LAB-Chemistry/Library/PackageCache/com.ptc.vuforia.engine@53e25388be25/Vuforia/Plugins/OSXUniversal/universal/libFileDriver.dylib (which was built for Mac OS X 12.3)
  Expected in: /usr/lib/libc++.1.dylib
Preloading 4 native plugins for Editor in 11.15 ms.
Mono: successfully reloaded assembly
- Completed reload, in  1.425 seconds
Domain Reload Profiling:
	ReloadAssembly (1426ms)
		BeginReloadAssembly (215ms)
			ExecutionOrderSort (0ms)
			DisableScriptedObjects (0ms)
			BackupInstance (0ms)
			ReleaseScriptingObjects (0ms)
			CreateAndSetChildDomain (1ms)
		EndReloadAssembly (1005ms)
			LoadAssemblies (216ms)
			RebuildTransferFunctionScriptingTraits (0ms)
			SetupTypeCache (239ms)
			ReleaseScriptCaches (0ms)
			RebuildScriptCaches (55ms)
			SetupLoadedEditorAssemblies (618ms)
				LogAssemblyErrors (0ms)
				InitializePlatformSupportModulesInManaged (187ms)
				SetLoadedEditorAssemblies (1ms)
				RefreshPlugins (187ms)
				BeforeProcessingInitializeOnLoad (2ms)
				ProcessInitializeOnLoadAttributes (163ms)
				ProcessInitializeOnLoadMethodAttributes (78ms)
				AfterProcessingInitializeOnLoad (0ms)
				EditorAssembliesLoaded (0ms)
			ExecutionOrderSort2 (0ms)
			AwakeInstancesAfterBackupRestoration (0ms)
Platform modules already initialized, skipping
Registering precompiled user dll's ...
Registered in 0.027089 seconds.
Begin MonoManager ReloadAssembly
Symbol file LoadedFromMemory doesn't match image /Users/jslee/Desktop/AR-LAB/AR-LAB-Chemistry/Library/PackageCache/com.unity.visualscripting@1.7.8/Editor/VisualScripting.Core/Dependencies/DotNetZip/Unity.VisualScripting.IonicZip.dll
Symbol file LoadedFromMemory doesn't match image /Users/jslee/Desktop/AR-LAB/AR-LAB-Chemistry/Library/PackageCache/com.unity.visualscripting@1.7.8/Editor/VisualScripting.Core/Dependencies/YamlDotNet/Unity.VisualScripting.YamlDotNet.dll
Native extension for iOS target not found
Native extension for Android target not found
Native extension for OSXStandalone target not found
Refreshing native plugins compatible for Editor in 160.97 ms, found 6 plugins.
Plugins: Couldn't open /Users/jslee/Desktop/AR-LAB/AR-LAB-Chemistry/Library/PackageCache/com.ptc.vuforia.engine@53e25388be25/Vuforia/Plugins/OSXUniversal/universal/libFileDriver.dylib, error: dlopen(/Users/jslee/Desktop/AR-LAB/AR-LAB-Chemistry/Library/PackageCache/com.ptc.vuforia.engine@53e25388be25/Vuforia/Plugins/OSXUniversal/universal/libFileDriver.dylib, 2): Symbol not found: __ZNKSt3__115basic_stringbufIcNS_11char_traitsIcEENS_9allocatorIcEEE3strEv
  Referenced from: /Users/jslee/Desktop/AR-LAB/AR-LAB-Chemistry/Library/PackageCache/com.ptc.vuforia.engine@53e25388be25/Vuforia/Plugins/OSXUniversal/universal/libFileDriver.dylib (which was built for Mac OS X 12.3)
  Expected in: /usr/lib/libc++.1.dylib
Preloading 4 native plugins for Editor in 14.19 ms.
Mono: successfully reloaded assembly
- Completed reload, in  2.513 seconds
Domain Reload Profiling:
	ReloadAssembly (2514ms)
		BeginReloadAssembly (308ms)
			ExecutionOrderSort (0ms)
			DisableScriptedObjects (11ms)
			BackupInstance (0ms)
			ReleaseScriptingObjects (0ms)
			CreateAndSetChildDomain (156ms)
		EndReloadAssembly (2000ms)
			LoadAssemblies (192ms)
			RebuildTransferFunctionScriptingTraits (0ms)
			SetupTypeCache (610ms)
			ReleaseScriptCaches (8ms)
			RebuildScriptCaches (112ms)
			SetupLoadedEditorAssemblies (1007ms)
				LogAssemblyErrors (0ms)
				InitializePlatformSupportModulesInManaged (47ms)
				SetLoadedEditorAssemblies (0ms)
				RefreshPlugins (175ms)
				BeforeProcessingInitializeOnLoad (177ms)
				ProcessInitializeOnLoadAttributes (465ms)
				ProcessInitializeOnLoadMethodAttributes (140ms)
				AfterProcessingInitializeOnLoad (3ms)
				EditorAssembliesLoaded (0ms)
			ExecutionOrderSort2 (0ms)
			AwakeInstancesAfterBackupRestoration (6ms)
Platform modules already initialized, skipping
========================================================================
Worker process is ready to serve import requests
Launching external process: /Applications/Unity/Hub/Editor/2021.3.4f1/Unity.app/Contents/Tools/UnityShaderCompiler
Launched and connected shader compiler UnityShaderCompiler after 0.04 seconds
Refreshing native plugins compatible for Editor in 1.12 ms, found 6 plugins.
Plugins: Couldn't open /Users/jslee/Desktop/AR-LAB/AR-LAB-Chemistry/Library/PackageCache/com.ptc.vuforia.engine@53e25388be25/Vuforia/Plugins/OSXUniversal/universal/libFileDriver.dylib, error: dlopen(/Users/jslee/Desktop/AR-LAB/AR-LAB-Chemistry/Library/PackageCache/com.ptc.vuforia.engine@53e25388be25/Vuforia/Plugins/OSXUniversal/universal/libFileDriver.dylib, 2): Symbol not found: __ZNKSt3__115basic_stringbufIcNS_11char_traitsIcEENS_9allocatorIcEEE3strEv
  Referenced from: /Users/jslee/Desktop/AR-LAB/AR-LAB-Chemistry/Library/PackageCache/com.ptc.vuforia.engine@53e25388be25/Vuforia/Plugins/OSXUniversal/universal/libFileDriver.dylib (which was built for Mac OS X 12.3)
  Expected in: /usr/lib/libc++.1.dylib
Preloading 4 native plugins for Editor in 10.58 ms.
Unloading 5065 Unused Serialized files (Serialized files now loaded: 0)
Unloading 71 unused Assets / (1.2 MB). Loaded Objects now: 5801.
Memory consumption went from 328.0 MB to 326.8 MB.
Total: 6.764124 ms (FindLiveObjects: 0.568284 ms CreateObjectMapping: 0.591176 ms MarkObjects: 4.770253 ms  DeleteObjects: 0.832922 ms)

AssetImportParameters requested are different than current active one (requested -> active):
  custom:video-decoder-ogg-theora: a1e56fd34408186e4bbccfd4996cb3dc -> 
  custom:container-muxer-webm: aa71ff27fc2769a1b78a27578f13a17b -> 
  custom:container-demuxer-webm: 4f35f7cbe854078d1ac9338744f61a02 -> 
  custom:video-encoder-webm-vp8: eb34c28f22e8b96e1ab97ce403110664 -> 
  custom:framework-osx-AVFoundation: e770b220cccbd017edd2c1fefb359320 -> 
  custom:audio-encoder-webm-vorbis: bf7c407c2cedff20999df2af8eb42d56 -> 
  custom:container-demuxer-ogg: 62fdf1f143b41e24485cea50d1cbac27 -> 
  custom:video-decoder-webm-vp8: 9c59270c3fd7afecdb556c50c9e8de78 -> 
  custom:audio-decoder-ogg-vorbis: bf7c407c2cedff20999df2af8eb42d56 -> 
